#
# There is insufficient memory for the Java Runtime Environment to continue.
# Native memory allocation (malloc) failed to allocate 1048576 bytes for AllocateHeap
# Possible reasons:
#   The system is out of physical RAM or swap space
#   The process is running with CompressedOops enabled, and the Java Heap may be blocking the growth of the native heap
# Possible solutions:
#   Reduce memory load on the system
#   Increase physical memory or swap space
#   Check if swap backing store is full
#   Decrease Java heap size (-Xmx/-Xms)
#   Decrease number of Java threads
#   Decrease Java thread stack sizes (-Xss)
#   Set larger code cache with -XX:ReservedCodeCacheSize=
# This output file may be truncated or incomplete.
#
#  Out of Memory Error (./src/hotspot/share/memory/allocation.cpp:46), pid=12932, tid=13852
#
# JRE version:  (11.0.11+9) (build )
# Java VM: OpenJDK 64-Bit Server VM (11.0.11+9-b60-7590822, mixed mode, sharing, tiered, compressed oops, g1 gc, windows-amd64)
# No core dump will be written. Minidumps are not enabled by default on client versions of Windows
#

---------------  S U M M A R Y ------------

Command Line: org.jetbrains.git4idea.http.GitAskPassApp Username for 'https://github.com': 

Host: Intel(R) Core(TM) i5-4300U CPU @ 1.90GHz, 4 cores, 7G,  Windows 10 , 64 bit Build 19041 (10.0.19041.1503)
Time: Tue Mar  1 14:19:21 2022 E. Africa Standard Time elapsed time: 0.020749 seconds (0d 0h 0m 0s)

---------------  T H R E A D  ---------------

Current thread (0x000001761bfab000):  JavaThread "Unknown thread" [_thread_in_vm, id=13852, stack(0x000000178ce00000,0x000000178cf00000)]

Stack: [0x000000178ce00000,0x000000178cf00000]
Native frames: (J=compiled Java code, j=interpreted, Vv=VM code, C=native code)
V  [jvm.dll+0x5f214a]
V  [jvm.dll+0x726fb5]
V  [jvm.dll+0x7285cd]
V  [jvm.dll+0x728c83]
V  [jvm.dll+0x243278]
V  [jvm.dll+0xb3a34]
V  [jvm.dll+0x2e1607]
V  [jvm.dll+0x2da7fa]
V  [jvm.dll+0x705ba7]
V  [jvm.dll+0x70739c]
V  [jvm.dll+0x3598f9]
V  [jvm.dll+0x6e931e]
V  [jvm.dll+0x3c1c43]
V  [jvm.dll+0x3c3e81]
C  [jli.dll+0x5373]
C  [ucrtbase.dll+0x21bb2]
C  [KERNEL32.DLL+0x17034]
C  [ntdll.dll+0x52651]


---------------  P R O C E S S  ---------------

Threads class SMR info:
_java_thread_list=0x000001761a713590, length=0, elements={
}

Java Threads: ( => current thread )

Other Threads:
  0x000001761bfc4000 GCTaskThread "GC Thread#0" [stack: 0x000000178cf00000,0x000000178d000000] [id=10880]

[error occurred during error reporting (printing all threads), id 0xc0000005, EXCEPTION_ACCESS_VIOLATION (0xc0000005) at pc=0x00007ff8177f69d0]

VM state:not at safepoint (not fully initialized)

VM Mutex/Monitor currently owned by a thread:  ([mutex/lock_event])
[0x000001761bfa76a0] Heap_lock - owner thread: 0x000001761bfab000

Heap address: 0x0000000081800000, size: 2024 MB, Compressed Oops mode: Non-zero based: 0x0000000081800000
Narrow klass base: 0x0000000000000000, Narrow klass shift: 0

GC Heap History (0 events):
No events

Deoptimization events (0 events):
No events

Classes redefined (0 events):
No events

Internal exceptions (0 events):
No events

Events (1 events):
Event: 0.016 Loaded shared library C:\Program Files\Android\Android Studio\jre\bin\zip.dll


Dynamic libraries:
0x00007ff695570000 - 0x00007ff69557a000 	C:\Program Files\Android\Android Studio\jre\bin\java.exe
0x00007ff857830000 - 0x00007ff857a25000 	C:\WINDOWS\SYSTEM32\ntdll.dll
0x00007ff855af0000 - 0x00007ff855bae000 	C:\WINDOWS\System32\KERNEL32.DLL
0x00007ff855330000 - 0x00007ff8555f8000 	C:\WINDOWS\System32\KERNELBASE.dll
0x00007ff8550d0000 - 0x00007ff8551d0000 	C:\WINDOWS\System32\ucrtbase.dll
0x00007ff844230000 - 0x00007ff844249000 	C:\Program Files\Android\Android Studio\jre\bin\jli.dll
0x00007ff82aac0000 - 0x00007ff82aad7000 	C:\Program Files\Android\Android Studio\jre\bin\VCRUNTIME140.dll
0x00007ff855920000 - 0x00007ff855ac0000 	C:\WINDOWS\System32\USER32.dll
0x00007ff855690000 - 0x00007ff8556b2000 	C:\WINDOWS\System32\win32u.dll
0x00007ff855d80000 - 0x00007ff855dab000 	C:\WINDOWS\System32\GDI32.dll
0x00007ff843f30000 - 0x00007ff8441ca000 	C:\WINDOWS\WinSxS\amd64_microsoft.windows.common-controls_6595b64144ccf1df_6.0.19041.1110_none_60b5254171f9507e\COMCTL32.dll
0x00007ff855770000 - 0x00007ff85587d000 	C:\WINDOWS\System32\gdi32full.dll
0x00007ff855880000 - 0x00007ff85591e000 	C:\WINDOWS\System32\msvcrt.dll
0x00007ff854fe0000 - 0x00007ff85507d000 	C:\WINDOWS\System32\msvcp_win.dll
0x00007ff855ac0000 - 0x00007ff855af0000 	C:\WINDOWS\System32\IMM32.DLL
0x00007ff811090000 - 0x00007ff81112d000 	C:\Program Files\Android\Android Studio\jre\bin\msvcp140.dll
0x00007ff817510000 - 0x00007ff817fe5000 	C:\Program Files\Android\Android Studio\jre\bin\server\jvm.dll
0x00007ff856880000 - 0x00007ff85692e000 	C:\WINDOWS\System32\ADVAPI32.dll
0x00007ff856a60000 - 0x00007ff856afc000 	C:\WINDOWS\System32\sechost.dll
0x00007ff856930000 - 0x00007ff856a55000 	C:\WINDOWS\System32\RPCRT4.dll
0x00007ff855c90000 - 0x00007ff855c98000 	C:\WINDOWS\System32\PSAPI.DLL
0x00007ff83f000000 - 0x00007ff83f027000 	C:\WINDOWS\SYSTEM32\WINMM.dll
0x00007ff8456d0000 - 0x00007ff8456da000 	C:\WINDOWS\SYSTEM32\VERSION.dll
0x00007ff850dd0000 - 0x00007ff850dd9000 	C:\WINDOWS\SYSTEM32\WSOCK32.dll
0x00007ff855f80000 - 0x00007ff855feb000 	C:\WINDOWS\System32\WS2_32.dll
0x00007ff852e30000 - 0x00007ff852e42000 	C:\WINDOWS\SYSTEM32\kernel.appcore.dll
0x00007ff850c60000 - 0x00007ff850c71000 	C:\Program Files\Android\Android Studio\jre\bin\verify.dll
0x00007ff83c180000 - 0x00007ff83c364000 	C:\WINDOWS\SYSTEM32\DBGHELP.DLL
0x00007ff83c150000 - 0x00007ff83c17c000 	C:\WINDOWS\SYSTEM32\dbgcore.DLL
0x00007ff855600000 - 0x00007ff855682000 	C:\WINDOWS\System32\bcryptPrimitives.dll
0x00007ff849410000 - 0x00007ff849439000 	C:\Program Files\Android\Android Studio\jre\bin\java.dll
0x00007ff850d90000 - 0x00007ff850d9b000 	C:\Program Files\Android\Android Studio\jre\bin\jimage.dll
0x00007ff848b90000 - 0x00007ff848ba8000 	C:\Program Files\Android\Android Studio\jre\bin\zip.dll

dbghelp: loaded successfully - version: 4.0.5 - missing functions: none
symbol engine: initialized successfully - sym options: 0x614 - pdb path: .;C:\Program Files\Android\Android Studio\jre\bin;C:\WINDOWS\SYSTEM32;C:\WINDOWS\WinSxS\amd64_microsoft.windows.common-controls_6595b64144ccf1df_6.0.19041.1110_none_60b5254171f9507e;C:\Program Files\Android\Android Studio\jre\bin\server

VM Arguments:
java_command: org.jetbrains.git4idea.http.GitAskPassApp Username for 'https://github.com': 
java_class_path (initial): C:/Program Files/Android/Android Studio/plugins/git4idea/lib/git4idea-rt.jar;C:/Program Files/Android/Android Studio/lib/xmlrpc-2.0.1.jar;C:/Program Files/Android/Android Studio/lib/commons-codec-1.15.jar
Launcher Type: SUN_STANDARD

[Global flags]
     intx CICompilerCount                          = 3                                         {product} {ergonomic}
     uint ConcGCThreads                            = 1                                         {product} {ergonomic}
     uint G1ConcRefinementThreads                  = 4                                         {product} {ergonomic}
   size_t G1HeapRegionSize                         = 1048576                                   {product} {ergonomic}
    uintx GCDrainStackTargetSize                   = 64                                        {product} {ergonomic}
   size_t InitialHeapSize                          = 134217728                                 {product} {ergonomic}
   size_t MarkStackSize                            = 4194304                                   {product} {ergonomic}
   size_t MaxHeapSize                              = 2122317824                                {product} {ergonomic}
   size_t MinHeapDeltaBytes                        = 1048576                                   {product} {ergonomic}
    uintx NonNMethodCodeHeapSize                   = 5830732                                {pd product} {ergonomic}
    uintx NonProfiledCodeHeapSize                  = 122913754                              {pd product} {ergonomic}
    uintx ProfiledCodeHeapSize                     = 122913754                              {pd product} {ergonomic}
    uintx ReservedCodeCacheSize                    = 251658240                              {pd product} {ergonomic}
     bool SegmentedCodeCache                       = true                                      {product} {ergonomic}
     bool UseCompressedClassPointers               = true                                 {lp64_product} {ergonomic}
     bool UseCompressedOops                        = true                                 {lp64_product} {ergonomic}
     bool UseG1GC                                  = true                                      {product} {ergonomic}
     bool UseLargePagesIndividualAllocation        = false                                  {pd product} {ergonomic}

Logging:
Log output configuration:
 #0: stdout all=warning uptime,level,tags
 #1: stderr all=off uptime,level,tags

Environment Variables:
PATH=C:\Program Files\Git\mingw64\libexec\git-core;C:\Program Files\Git\mingw64\libexec\git-core;C:\Program Files\Git\mingw64\bin;C:\Program Files\Git\usr\bin;C:\Users\rickiey\bin;C:\Program Files\Common Files\Oracle\Java\javapath;C:\Program Files (x86)\Common Files\Oracle\Java\javapath;C:\WINDOWS\system32;C:\WINDOWS;C:\WINDOWS\System32\Wbem;C:\WINDOWS\System32\WindowsPowerShell\v1.0;C:\WINDOWS\System32\OpenSSH;C:\Users\rickiey\Downloads\youtube-dl;C:\Users\rickiey\Downloads\ffmpeg-2021-07-18-git-694545b6d5-full_build\bin;C:\Program Files\nodejs;C:\ProgramData\chocolatey\bin;C:\Program Files\Git\cmd;C:\Program Files (x86)\QuickTime\QTSystem;C:\xampp\php;C:\ProgramData\ComposerSetup\bin;C:\MinGW\bin;C:\Users\rickiey\AppData\Local\Microsoft\WindowsApps;C:\Program Files\JetBrains\CLion 2019.2.3\bin;C:\Users\rickiey\AppData\Local\Programs\Microsoft VS Code\bin;C:\Users\rickiey\AppData\Roaming\npm;C:\Users\rickiey\AppData\Roaming\Composer\vendor\bin
USERNAME=rickiey
DISPLAY=:0.0
LC_ALL=en_US.UTF-8
OS=Windows_NT
PROCESSOR_IDENTIFIER=Intel64 Family 6 Model 69 Stepping 1, GenuineIntel



---------------  S Y S T E M  ---------------

OS: Windows 10 , 64 bit Build 19041 (10.0.19041.1503)
OS uptime: 0 days 23:50 hours

CPU:total 4 (initial active 4) (2 cores per cpu, 2 threads per core) family 6 model 69 stepping 1 microcode 0x25, cmov, cx8, fxsr, mmx, sse, sse2, sse3, ssse3, sse4.1, sse4.2, popcnt, avx, avx2, aes, clmul, erms, lzcnt, ht, tsc, tscinvbit, bmi1, bmi2, fma

Memory: 4k page, system-wide physical 8089M (865M free)
TotalPageFile size 10177M (AvailPageFile size 5M)
current process WorkingSet (physical memory assigned to process): 9M, peak: 9M
current process commit charge ("private bytes"): 48M, peak: 49M

vm_info: OpenJDK 64-Bit Server VM (11.0.11+9-b60-7590822) for windows-amd64 JRE (11.0.11+9-b60-7590822), built on Jul 29 2021 21:43:44 by "builder" with MS VC++ 14.0 (VS2015)

END.
