#
# There is insufficient memory for the Java Runtime Environment to continue.
# Native memory allocation (malloc) failed to allocate 65536 bytes for Chunk::new
# Possible reasons:
#   The system is out of physical RAM or swap space
#   The process is running with CompressedOops enabled, and the Java Heap may be blocking the growth of the native heap
# Possible solutions:
#   Reduce memory load on the system
#   Increase physical memory or swap space
#   Check if swap backing store is full
#   Decrease Java heap size (-Xmx/-Xms)
#   Decrease number of Java threads
#   Decrease Java thread stack sizes (-Xss)
#   Set larger code cache with -XX:ReservedCodeCacheSize=
#   JVM is running with Unscaled Compressed Oops mode in which the Java heap is
#     placed in the first 4GB address space. The Java Heap base address is the
#     maximum limit for the native heap growth. Please use -XX:HeapBaseMinAddress
#     to set the Java Heap base and to place the Java Heap above 4GB virtual address.
# This output file may be truncated or incomplete.
#
#  Out of Memory Error (allocation.cpp:389), pid=5624, tid=0x000000000000369c
#
# JRE version: OpenJDK Runtime Environment (8.0_292-b10) (build 1.8.0_292-b10)
# Java VM: OpenJDK 64-Bit Server VM (25.292-b10 mixed mode windows-amd64 compressed oops)
# Failed to write core dump. Minidumps are not enabled by default on client versions of Windows
#

---------------  T H R E A D  ---------------

Current thread (0x0000022b97cb4800):  JavaThread "C2 CompilerThread0" daemon [_thread_in_native, id=13980, stack(0x0000007ca4b00000,0x0000007ca4c00000)]

Stack: [0x0000007ca4b00000,0x0000007ca4c00000]
[error occurred during error reporting (printing stack bounds), id 0xc0000005]

Native frames: (J=compiled Java code, j=interpreted, Vv=VM code, C=native code)


Current CompileTask:
C2:  42868 16966       4       com.android.tools.r8.s.a.a.d.g::a (44 bytes)


---------------  P R O C E S S  ---------------

Java Threads: ( => current thread )
  0x0000022b9e7f4000 JavaThread "stdout" [_thread_in_native, id=14484, stack(0x0000007cad800000,0x0000007cad900000)]
  0x0000022b9e7f7000 JavaThread "stderr" [_thread_in_native, id=10060, stack(0x0000007cad600000,0x0000007cad700000)]
  0x0000022b9e7f5000 JavaThread "WorkerExecutor Queue Thread 5" [_thread_in_Java, id=9224, stack(0x0000007cad700000,0x0000007cad800000)]
  0x0000022b9e7f5800 JavaThread "WorkerExecutor Queue Thread 3" [_thread_blocked, id=3172, stack(0x0000007cad500000,0x0000007cad600000)]
  0x0000022b9e7f3800 JavaThread "WorkerExecutor Queue Thread 2" [_thread_blocked, id=13884, stack(0x0000007cad400000,0x0000007cad500000)]
  0x0000022b9e7eb800 JavaThread "WorkerExecutor Queue" [_thread_blocked, id=13032, stack(0x0000007cad300000,0x0000007cad400000)]
  0x0000022b9e7f2800 JavaThread "Cache worker for execution history cache (C:\Users\rickiey\AndroidStudioProjects\Farm-Manager\.gradle\6.7.1\executionHistory)" [_thread_blocked, id=14396, stack(0x0000007cad200000,0x0000007cad300000)]
  0x0000022b9e7ed000 JavaThread "Execution worker for ':' Thread 3" [_thread_blocked, id=14656, stack(0x0000007cad100000,0x0000007cad200000)]
  0x0000022b9e7ec000 JavaThread "Execution worker for ':' Thread 2" [_thread_blocked, id=2780, stack(0x0000007cad000000,0x0000007cad100000)]
  0x0000022b9e7f1800 JavaThread "Execution worker for ':'" [_thread_blocked, id=2776, stack(0x0000007cacf00000,0x0000007cad000000)]
  0x0000022b9e7f1000 JavaThread "build event listener" [_thread_blocked, id=6104, stack(0x0000007cace00000,0x0000007cacf00000)]
  0x0000022b9e7ee000 JavaThread "pool-3-thread-1" [_thread_blocked, id=13900, stack(0x0000007cacd00000,0x0000007cace00000)]
  0x0000022b9e7f0000 JavaThread "build event listener" [_thread_blocked, id=7360, stack(0x0000007cacc00000,0x0000007cacd00000)]
  0x0000022b9e7ef800 JavaThread "Memory manager" [_thread_blocked, id=13376, stack(0x0000007cacb00000,0x0000007cacc00000)]
  0x0000022b9e7e9000 JavaThread "jar transforms Thread 97" [_thread_blocked, id=10600, stack(0x0000007caca00000,0x0000007cacb00000)]
  0x0000022b9e7ea000 JavaThread "jar transforms Thread 96" [_thread_blocked, id=6528, stack(0x0000007cac900000,0x0000007caca00000)]
  0x0000022b9e7ee800 JavaThread "jar transforms Thread 95" [_thread_blocked, id=1592, stack(0x0000007cac800000,0x0000007cac900000)]
  0x0000022b9c3cd800 JavaThread "jar transforms Thread 94" [_thread_blocked, id=14696, stack(0x0000007cac700000,0x0000007cac800000)]
  0x0000022b9c3ce800 JavaThread "jar transforms Thread 93" [_thread_blocked, id=11480, stack(0x0000007cac600000,0x0000007cac700000)]
  0x0000022b9c3c6800 JavaThread "jar transforms Thread 92" [_thread_blocked, id=12224, stack(0x0000007cac500000,0x0000007cac600000)]
  0x0000022b9c3c5800 JavaThread "jar transforms Thread 91" [_thread_blocked, id=6260, stack(0x0000007cac400000,0x0000007cac500000)]
  0x0000022b9c3cd000 JavaThread "jar transforms Thread 90" [_thread_blocked, id=7492, stack(0x0000007cac300000,0x0000007cac400000)]
  0x0000022b9c3c5000 JavaThread "jar transforms Thread 89" [_thread_blocked, id=14280, stack(0x0000007cac200000,0x0000007cac300000)]
  0x0000022b9c3cc000 JavaThread "jar transforms Thread 88" [_thread_blocked, id=13172, stack(0x0000007cac100000,0x0000007cac200000)]
  0x0000022b9c3ca800 JavaThread "jar transforms Thread 87" [_thread_blocked, id=13364, stack(0x0000007cac000000,0x0000007cac100000)]
  0x0000022b9c3c9800 JavaThread "jar transforms Thread 86" [_thread_blocked, id=9232, stack(0x0000007cabf00000,0x0000007cac000000)]
  0x0000022b9c3c9000 JavaThread "jar transforms Thread 85" [_thread_blocked, id=772, stack(0x0000007cabe00000,0x0000007cabf00000)]
  0x0000022b9c3c8000 JavaThread "jar transforms Thread 84" [_thread_blocked, id=13456, stack(0x0000007cabd00000,0x0000007cabe00000)]
  0x0000022b9c3cb000 JavaThread "jar transforms Thread 83" [_thread_blocked, id=12556, stack(0x0000007cabc00000,0x0000007cabd00000)]
  0x0000022b9c3c7800 JavaThread "jar transforms Thread 82" [_thread_blocked, id=1948, stack(0x0000007cabb00000,0x0000007cabc00000)]
  0x0000022b9c3bf800 JavaThread "jar transforms Thread 81" [_thread_blocked, id=8256, stack(0x0000007caba00000,0x0000007cabb00000)]
  0x0000022b9c3c4000 JavaThread "jar transforms Thread 80" [_thread_blocked, id=7704, stack(0x0000007cab900000,0x0000007caba00000)]
  0x0000022b9c3c3800 JavaThread "jar transforms Thread 79" [_thread_blocked, id=13868, stack(0x0000007cab800000,0x0000007cab900000)]
  0x0000022b9c3c2800 JavaThread "jar transforms Thread 78" [_thread_blocked, id=1524, stack(0x0000007cab700000,0x0000007cab800000)]
  0x0000022b9c3c2000 JavaThread "jar transforms Thread 77" [_thread_blocked, id=9732, stack(0x0000007cab600000,0x0000007cab700000)]
  0x0000022b9c3c0000 JavaThread "jar transforms Thread 76" [_thread_blocked, id=4568, stack(0x0000007cab500000,0x0000007cab600000)]
  0x0000022b9c3c1000 JavaThread "jar transforms Thread 75" [_thread_blocked, id=8236, stack(0x0000007cab400000,0x0000007cab500000)]
  0x0000022b9c308800 JavaThread "jar transforms Thread 74" [_thread_blocked, id=2508, stack(0x0000007cab300000,0x0000007cab400000)]
  0x0000022b9c307000 JavaThread "jar transforms Thread 73" [_thread_blocked, id=4900, stack(0x0000007cab200000,0x0000007cab300000)]
  0x0000022b9c306000 JavaThread "jar transforms Thread 72" [_thread_blocked, id=6620, stack(0x0000007cab100000,0x0000007cab200000)]
  0x0000022b9c305000 JavaThread "jar transforms Thread 71" [_thread_blocked, id=13576, stack(0x0000007cab000000,0x0000007cab100000)]
  0x0000022b9c30a000 JavaThread "jar transforms Thread 70" [_thread_blocked, id=8968, stack(0x0000007caaf00000,0x0000007cab000000)]
  0x0000022b9c307800 JavaThread "jar transforms Thread 69" [_thread_blocked, id=5920, stack(0x0000007caae00000,0x0000007caaf00000)]
  0x0000022b9c304800 JavaThread "jar transforms Thread 68" [_thread_blocked, id=3740, stack(0x0000007caad00000,0x0000007caae00000)]
  0x0000022b9c303800 JavaThread "jar transforms Thread 67" [_thread_blocked, id=428, stack(0x0000007caac00000,0x0000007caad00000)]
  0x0000022b9c309000 JavaThread "jar transforms Thread 66" [_thread_blocked, id=13340, stack(0x0000007caab00000,0x0000007caac00000)]
  0x0000022b9c2fc000 JavaThread "jar transforms Thread 65" [_thread_blocked, id=12176, stack(0x0000007caaa00000,0x0000007caab00000)]
  0x0000022b9c303000 JavaThread "jar transforms Thread 64" [_thread_blocked, id=12032, stack(0x0000007caa900000,0x0000007caaa00000)]
  0x0000022b9c2ff800 JavaThread "jar transforms Thread 63" [_thread_blocked, id=2136, stack(0x0000007caa800000,0x0000007caa900000)]
  0x0000022b9c2fb000 JavaThread "jar transforms Thread 62" [_thread_blocked, id=6976, stack(0x0000007caa700000,0x0000007caa800000)]
  0x0000022b9c302000 JavaThread "jar transforms Thread 61" [_thread_blocked, id=12240, stack(0x0000007caa600000,0x0000007caa700000)]
  0x0000022b9c301800 JavaThread "jar transforms Thread 60" [_thread_blocked, id=9972, stack(0x0000007caa500000,0x0000007caa600000)]
  0x0000022b9c2fc800 JavaThread "jar transforms Thread 59" [_thread_blocked, id=15032, stack(0x0000007caa400000,0x0000007caa500000)]
  0x0000022b9c2ff000 JavaThread "jar transforms Thread 58" [_thread_blocked, id=6764, stack(0x0000007caa300000,0x0000007caa400000)]
  0x0000022b9c300800 JavaThread "jar transforms Thread 57" [_thread_blocked, id=10720, stack(0x0000007caa200000,0x0000007caa300000)]
  0x0000022b9c2fe000 JavaThread "jar transforms Thread 56" [_thread_blocked, id=8908, stack(0x0000007caa100000,0x0000007caa200000)]
  0x0000022b9c2fd800 JavaThread "jar transforms Thread 55" [_thread_blocked, id=3496, stack(0x0000007caa000000,0x0000007caa100000)]
  0x0000022b99e1a000 JavaThread "jar transforms Thread 54" [_thread_blocked, id=14928, stack(0x0000007ca9f00000,0x0000007caa000000)]
  0x0000022b99e18800 JavaThread "jar transforms Thread 53" [_thread_blocked, id=13536, stack(0x0000007ca9e00000,0x0000007ca9f00000)]
  0x0000022b99e19000 JavaThread "jar transforms Thread 52" [_thread_blocked, id=5168, stack(0x0000007ca9d00000,0x0000007ca9e00000)]
  0x0000022b99e15800 JavaThread "jar transforms Thread 51" [_thread_blocked, id=9800, stack(0x0000007ca9c00000,0x0000007ca9d00000)]
  0x0000022b99e17000 JavaThread "jar transforms Thread 50" [_thread_blocked, id=13256, stack(0x0000007ca9b00000,0x0000007ca9c00000)]
  0x0000022b99e17800 JavaThread "jar transforms Thread 49" [_thread_blocked, id=8416, stack(0x0000007ca9a00000,0x0000007ca9b00000)]
  0x0000022b99e14800 JavaThread "jar transforms Thread 48" [_thread_blocked, id=13244, stack(0x0000007ca9900000,0x0000007ca9a00000)]
  0x0000022b99e16000 JavaThread "jar transforms Thread 47" [_thread_blocked, id=11032, stack(0x0000007ca9800000,0x0000007ca9900000)]
  0x0000022b99e0c800 JavaThread "jar transforms Thread 46" [_thread_blocked, id=13448, stack(0x0000007ca9700000,0x0000007ca9800000)]
  0x0000022b99e13000 JavaThread "jar transforms Thread 45" [_thread_blocked, id=4108, stack(0x0000007ca9600000,0x0000007ca9700000)]
  0x0000022b99e14000 JavaThread "jar transforms Thread 44" [_thread_blocked, id=5860, stack(0x0000007ca9500000,0x0000007ca9600000)]
  0x0000022b99e0b000 JavaThread "jar transforms Thread 43" [_thread_blocked, id=12588, stack(0x0000007ca9400000,0x0000007ca9500000)]
  0x0000022b99e10800 JavaThread "jar transforms Thread 42" [_thread_blocked, id=12344, stack(0x0000007ca9300000,0x0000007ca9400000)]
  0x0000022b99e0f000 JavaThread "jar transforms Thread 41" [_thread_blocked, id=12056, stack(0x0000007ca9200000,0x0000007ca9300000)]
  0x0000022b99e0e800 JavaThread "jar transforms Thread 40" [_thread_blocked, id=14236, stack(0x0000007ca9100000,0x0000007ca9200000)]
  0x0000022b99e0c000 JavaThread "jar transforms Thread 39" [_thread_blocked, id=10488, stack(0x0000007ca9000000,0x0000007ca9100000)]
  0x0000022b99e12000 JavaThread "jar transforms Thread 38" [_thread_blocked, id=8656, stack(0x0000007ca8f00000,0x0000007ca9000000)]
  0x0000022b99e10000 JavaThread "jar transforms Thread 37" [_thread_blocked, id=3692, stack(0x0000007ca8e00000,0x0000007ca8f00000)]
  0x0000022b99e11800 JavaThread "jar transforms Thread 36" [_thread_blocked, id=12496, stack(0x0000007ca8d00000,0x0000007ca8e00000)]
  0x0000022b99e0d800 JavaThread "jar transforms Thread 35" [_thread_blocked, id=15240, stack(0x0000007ca8c00000,0x0000007ca8d00000)]
  0x0000022b992f8000 JavaThread "jar transforms Thread 34" [_thread_blocked, id=14692, stack(0x0000007ca8b00000,0x0000007ca8c00000)]
  0x0000022b992fe800 JavaThread "jar transforms Thread 33" [_thread_blocked, id=12112, stack(0x0000007ca8a00000,0x0000007ca8b00000)]
  0x0000022b992fc000 JavaThread "jar transforms Thread 32" [_thread_blocked, id=13656, stack(0x0000007ca8900000,0x0000007ca8a00000)]
  0x0000022b992fa800 JavaThread "jar transforms Thread 31" [_thread_blocked, id=12220, stack(0x0000007ca8800000,0x0000007ca8900000)]
  0x0000022b992fb000 JavaThread "jar transforms Thread 30" [_thread_blocked, id=3012, stack(0x0000007ca8700000,0x0000007ca8800000)]
  0x0000022b992fd800 JavaThread "jar transforms Thread 29" [_thread_blocked, id=108, stack(0x0000007ca8600000,0x0000007ca8700000)]
  0x0000022b992fd000 JavaThread "jar transforms Thread 28" [_thread_blocked, id=13004, stack(0x0000007ca8500000,0x0000007ca8600000)]
  0x0000022b992f9800 JavaThread "jar transforms Thread 27" [_thread_blocked, id=10592, stack(0x0000007ca8400000,0x0000007ca8500000)]
  0x0000022b992f9000 JavaThread "jar transforms Thread 26" [_thread_blocked, id=13664, stack(0x0000007ca8300000,0x0000007ca8400000)]
  0x0000022b992f7800 JavaThread "jar transforms Thread 25" [_thread_blocked, id=13508, stack(0x0000007ca8200000,0x0000007ca8300000)]
  0x0000022b992ef800 JavaThread "jar transforms Thread 24" [_thread_blocked, id=7344, stack(0x0000007ca8100000,0x0000007ca8200000)]
  0x0000022b992f0000 JavaThread "jar transforms Thread 23" [_thread_blocked, id=8744, stack(0x0000007ca8000000,0x0000007ca8100000)]
  0x0000022b992f5800 JavaThread "jar transforms Thread 22" [_thread_blocked, id=13544, stack(0x0000007ca7f00000,0x0000007ca8000000)]
  0x0000022b992f2800 JavaThread "jar transforms Thread 21" [_thread_blocked, id=9808, stack(0x0000007ca7e00000,0x0000007ca7f00000)]
  0x0000022b992f5000 JavaThread "jar transforms Thread 20" [_thread_blocked, id=11880, stack(0x0000007ca7d00000,0x0000007ca7e00000)]
  0x0000022b992f1000 JavaThread "jar transforms Thread 19" [_thread_blocked, id=8596, stack(0x0000007ca7c00000,0x0000007ca7d00000)]
  0x0000022b992f2000 JavaThread "jar transforms Thread 18" [_thread_blocked, id=9168, stack(0x0000007ca7b00000,0x0000007ca7c00000)]
  0x0000022b992f6800 JavaThread "jar transforms Thread 17" [_thread_blocked, id=12652, stack(0x0000007ca7a00000,0x0000007ca7b00000)]
  0x0000022b992f3800 JavaThread "jar transforms Thread 16" [_thread_blocked, id=11308, stack(0x0000007ca7900000,0x0000007ca7a00000)]
  0x0000022b992f4000 JavaThread "jar transforms Thread 15" [_thread_blocked, id=9028, stack(0x0000007ca7800000,0x0000007ca7900000)]
  0x0000022b9a8a2000 JavaThread "jar transforms Thread 14" [_thread_blocked, id=10900, stack(0x0000007ca7700000,0x0000007ca7800000)]
  0x0000022b9a8a1000 JavaThread "jar transforms Thread 13" [_thread_blocked, id=11016, stack(0x0000007ca7600000,0x0000007ca7700000)]
  0x0000022b9a89f800 JavaThread "jar transforms Thread 12" [_thread_blocked, id=7032, stack(0x0000007ca7500000,0x0000007ca7600000)]
  0x0000022b9a8a0000 JavaThread "jar transforms Thread 11" [_thread_blocked, id=15096, stack(0x0000007ca7400000,0x0000007ca7500000)]
  0x0000022b9a89e800 JavaThread "jar transforms Thread 10" [_thread_blocked, id=11148, stack(0x0000007ca7300000,0x0000007ca7400000)]
  0x0000022b9a89c800 JavaThread "jar transforms Thread 9" [_thread_blocked, id=1784, stack(0x0000007ca7200000,0x0000007ca7300000)]
  0x0000022b9a89e000 JavaThread "jar transforms Thread 8" [_thread_blocked, id=12460, stack(0x0000007ca7100000,0x0000007ca7200000)]
  0x0000022b9a89d000 JavaThread "jar transforms Thread 7" [_thread_blocked, id=3900, stack(0x0000007ca7000000,0x0000007ca7100000)]
  0x0000022b9a894800 JavaThread "jar transforms Thread 6" [_thread_blocked, id=10820, stack(0x0000007ca6f00000,0x0000007ca7000000)]
  0x0000022b9a89b800 JavaThread "jar transforms Thread 5" [_thread_blocked, id=8420, stack(0x0000007ca6e00000,0x0000007ca6f00000)]
  0x0000022b9a89a000 JavaThread "jar transforms Thread 4" [_thread_blocked, id=3400, stack(0x0000007ca6d00000,0x0000007ca6e00000)]
  0x0000022b9a893800 JavaThread "jar transforms Thread 3" [_thread_blocked, id=8628, stack(0x0000007ca6c00000,0x0000007ca6d00000)]
  0x0000022b9a89a800 JavaThread "jar transforms Thread 2" [_thread_blocked, id=8928, stack(0x0000007ca6b00000,0x0000007ca6c00000)]
  0x0000022b9a899000 JavaThread "Build operations Thread 4" [_thread_blocked, id=2652, stack(0x0000007ca6a00000,0x0000007ca6b00000)]
  0x0000022b9a897800 JavaThread "Build operations Thread 3" [_thread_blocked, id=11384, stack(0x0000007ca6900000,0x0000007ca6a00000)]
  0x0000022b9a893000 JavaThread "Build operations Thread 2" [_thread_blocked, id=7260, stack(0x0000007ca6800000,0x0000007ca6900000)]
  0x0000022b9a897000 JavaThread "Build operations" [_thread_blocked, id=2608, stack(0x0000007ca6700000,0x0000007ca6800000)]
  0x0000022b9a898800 JavaThread "Cache worker for Build Output Cleanup Cache (C:\Users\rickiey\AndroidStudioProjects\Farm-Manager\.gradle\buildOutputCleanup)" [_thread_blocked, id=8604, stack(0x0000007ca6600000,0x0000007ca6700000)]
  0x0000022b9988a000 JavaThread "Cache worker for file content cache (C:\Users\rickiey\.gradle\caches\6.7.1\fileContent)" [_thread_blocked, id=11856, stack(0x0000007ca6500000,0x0000007ca6600000)]
  0x0000022b9988d000 JavaThread "jar transforms" [_thread_blocked, id=6668, stack(0x0000007ca6400000,0x0000007ca6500000)]
  0x0000022b9988f800 JavaThread "Cache worker for execution history cache (C:\Users\rickiey\.gradle\caches\6.7.1\executionHistory)" [_thread_blocked, id=6492, stack(0x0000007ca6300000,0x0000007ca6400000)]
  0x0000022b9988c800 JavaThread "Cache worker for cache directory md-rule (C:\Users\rickiey\.gradle\caches\6.7.1\md-rule)" [_thread_blocked, id=5664, stack(0x0000007ca6200000,0x0000007ca6300000)]
  0x0000022b9988e000 JavaThread "Cache worker for cache directory md-supplier (C:\Users\rickiey\.gradle\caches\6.7.1\md-supplier)" [_thread_blocked, id=3364, stack(0x0000007ca6100000,0x0000007ca6200000)]
  0x0000022b99890800 JavaThread "Cache worker for checksums cache (C:\Users\rickiey\AndroidStudioProjects\Farm-Manager\.gradle\checksums)" [_thread_blocked, id=5856, stack(0x0000007ca6000000,0x0000007ca6100000)]
  0x0000022b9988e800 JavaThread "Cache worker for file hash cache (C:\Users\rickiey\AndroidStudioProjects\Farm-Manager\.gradle\6.7.1\fileHashes)" [_thread_blocked, id=10140, stack(0x0000007ca5f00000,0x0000007ca6000000)]
  0x0000022b9988b800 JavaThread "Cache worker for journal cache (C:\Users\rickiey\.gradle\caches\journal-1)" [_thread_blocked, id=5436, stack(0x0000007ca5e00000,0x0000007ca5f00000)]
  0x0000022b99889000 JavaThread "File lock request listener" [_thread_in_native, id=12896, stack(0x0000007ca5d00000,0x0000007ca5e00000)]
  0x0000022b9988b000 JavaThread "Cache worker for file hash cache (C:\Users\rickiey\.gradle\caches\6.7.1\fileHashes)" [_thread_blocked, id=7736, stack(0x0000007ca5c00000,0x0000007ca5d00000)]
  0x0000022b9a81e000 JavaThread "Thread-9" [_thread_blocked, id=8980, stack(0x0000007ca5b00000,0x0000007ca5c00000)]
  0x0000022b98f5a800 JavaThread "Stdin handler" [_thread_blocked, id=5408, stack(0x0000007ca5a00000,0x0000007ca5b00000)]
  0x0000022b98f60800 JavaThread "Asynchronous log dispatcher for DefaultDaemonConnection: socket connection from /127.0.0.1:59578 to /127.0.0.1:59579" [_thread_blocked, id=14368, stack(0x0000007ca5900000,0x0000007ca5a00000)]
  0x0000022b98f5b800 JavaThread "Daemon worker" [_thread_blocked, id=8016, stack(0x0000007ca5800000,0x0000007ca5900000)]
  0x0000022b98e09000 JavaThread "Cancel handler" [_thread_blocked, id=14152, stack(0x0000007ca5700000,0x0000007ca5800000)]
  0x0000022b9a6a8800 JavaThread "Handler for socket connection from /127.0.0.1:59578 to /127.0.0.1:59579" [_thread_in_native, id=4396, stack(0x0000007ca5600000,0x0000007ca5700000)]
  0x0000022b9a63f000 JavaThread "Daemon" [_thread_blocked, id=11072, stack(0x0000007ca5500000,0x0000007ca5600000)]
  0x0000022b9a63a000 JavaThread "Daemon periodic checks" [_thread_blocked, id=1704, stack(0x0000007ca5400000,0x0000007ca5500000)]
  0x0000022b9a650800 JavaThread "Incoming local TCP Connector on port 59578" [_thread_in_native, id=1960, stack(0x0000007ca5300000,0x0000007ca5400000)]
  0x0000022b98c33800 JavaThread "Daemon health stats" [_thread_blocked, id=7984, stack(0x0000007ca5000000,0x0000007ca5100000)]
  0x0000022b97d31800 JavaThread "Service Thread" daemon [_thread_blocked, id=3000, stack(0x0000007ca4e00000,0x0000007ca4f00000)]
  0x0000022b97cb9000 JavaThread "C1 CompilerThread2" daemon [_thread_blocked, id=6580, stack(0x0000007ca4d00000,0x0000007ca4e00000)]
  0x0000022b97cb8000 JavaThread "C2 CompilerThread1" daemon [_thread_in_native, id=6092, stack(0x0000007ca4c00000,0x0000007ca4d00000)]
=>0x0000022b97cb4800 JavaThread "C2 CompilerThread0" daemon [_thread_in_native, id=13980, stack(0x0000007ca4b00000,0x0000007ca4c00000)]
  0x0000022b97caa800 JavaThread "Attach Listener" daemon [_thread_blocked, id=10764, stack(0x0000007ca4a00000,0x0000007ca4b00000)]
  0x0000022b97cb0800 JavaThread "Signal Dispatcher" daemon [_thread_blocked, id=4200, stack(0x0000007ca4900000,0x0000007ca4a00000)]
  0x0000022b9755c000 JavaThread "Finalizer" daemon [_thread_blocked, id=2172, stack(0x0000007ca4800000,0x0000007ca4900000)]
  0x0000022b97c86000 JavaThread "Reference Handler" daemon [_thread_blocked, id=4248, stack(0x0000007ca4700000,0x0000007ca4800000)]
  0x0000022b814b5000 JavaThread "main" [_thread_blocked, id=2052, stack(0x0000007ca4100000,0x0000007ca4200000)]

Other Threads:
  0x0000022b97c62000 VMThread [stack: 0x0000007ca4600000,0x0000007ca4700000] [id=12188]
  0x0000022b97cc9000 WatcherThread [stack: 0x0000007ca4f00000,0x0000007ca5000000] [id=1776]

VM state:not at safepoint (normal execution)

VM Mutex/Monitor currently owned by a thread: None

heap address: 0x0000000080000000, size: 2048 MB, Compressed Oops mode: 32-bit
Narrow klass base: 0x0000000000000000, Narrow klass shift: 3
Compressed class space size: 1073741824 Address: 0x0000000100000000

Heap:
 PSYoungGen      total 321024K, used 148795K [0x00000000d5580000, 0x00000000edf00000, 0x0000000100000000)
  eden space 279552K, 40% used [0x00000000d5580000,0x00000000dc4af238,0x00000000e6680000)
  from space 41472K, 84% used [0x00000000e6680000,0x00000000e889fa98,0x00000000e8f00000)
  to   space 45568K, 0% used [0x00000000eb280000,0x00000000eb280000,0x00000000edf00000)
 ParOldGen       total 214016K, used 79971K [0x0000000080000000, 0x000000008d100000, 0x00000000d5580000)
  object space 214016K, 37% used [0x0000000080000000,0x0000000084e18f68,0x000000008d100000)
 Metaspace       used 132432K, capacity 138132K, committed 138240K, reserved 1169408K
  class space    used 17319K, capacity 18373K, committed 18432K, reserved 1048576K

Card table byte_map: [0x0000022b92170000,0x0000022b92580000] byte_map_base: 0x0000022b91d70000

Marking Bits: (ParMarkBitMap*) 0x000000006a3ff7f0
 Begin Bits: [0x0000022b92830000, 0x0000022b94830000)
 End Bits:   [0x0000022b94830000, 0x0000022b96830000)

Polling page: 0x0000022b815d0000

CodeCache: size=245760Kb used=46596Kb max_used=46822Kb free=199163Kb
 bounds [0x0000022b82db0000, 0x0000022b85bc0000, 0x0000022b91db0000]
 total_blobs=15468 nmethods=14526 adapters=852
 compilation: enabled

Compilation events (10 events):
Event: 42.723 Thread 0x0000022b97cb4800 16962       4       java.io.FilterInputStream::read (9 bytes)
Event: 42.725 Thread 0x0000022b97cb4800 nmethod 16962 0x0000022b830ae050 code [0x0000022b830ae1a0, 0x0000022b830ae268]
Event: 42.841 Thread 0x0000022b97cb8000 16963       4       java.util.Collections::singleton (9 bytes)
Event: 42.842 Thread 0x0000022b97cb8000 nmethod 16963 0x0000022b84032950 code [0x0000022b84032aa0, 0x0000022b84032b58]
Event: 42.843 Thread 0x0000022b97cb4800 16964       4       java.util.zip.ZipFile$ZipFileInflaterInputStream::available (41 bytes)
Event: 42.845 Thread 0x0000022b97cb4800 nmethod 16964 0x0000022b85b98690 code [0x0000022b85b987e0, 0x0000022b85b98af8]
Event: 42.863 Thread 0x0000022b97cb8000 16965       4       com.android.tools.r8.origin.ArchiveEntryOrigin::<init> (11 bytes)
Event: 42.864 Thread 0x0000022b97cb4800 16966       4       com.android.tools.r8.s.a.a.d.g::a (44 bytes)
Event: 42.864 Thread 0x0000022b97cb8000 nmethod 16965 0x0000022b849d79d0 code [0x0000022b849d7b00, 0x0000022b849d7b98]
Event: 42.864 Thread 0x0000022b97cb8000 16967       4       com.android.tools.r8.s.a.a.d.g::a (29 bytes)

GC Heap History (10 events):
Event: 29.460 GC heap before
{Heap before GC invocations=19 (full 3):
 PSYoungGen      total 248320K, used 248302K [0x00000000d5580000, 0x00000000e9300000, 0x0000000100000000)
  eden space 221184K, 100% used [0x00000000d5580000,0x00000000e2d80000,0x00000000e2d80000)
  from space 27136K, 99% used [0x00000000e2d80000,0x00000000e47fbbc0,0x00000000e4800000)
  to   space 33792K, 0% used [0x00000000e7200000,0x00000000e7200000,0x00000000e9300000)
 ParOldGen       total 134656K, used 50640K [0x0000000080000000, 0x0000000088380000, 0x00000000d5580000)
  object space 134656K, 37% used [0x0000000080000000,0x00000000831740e8,0x0000000088380000)
 Metaspace       used 90257K, capacity 93938K, committed 94208K, reserved 1130496K
  class space    used 11993K, capacity 12764K, committed 12800K, reserved 1048576K
Event: 29.517 GC heap after
Heap after GC invocations=19 (full 3):
 PSYoungGen      total 290304K, used 18230K [0x00000000d5580000, 0x00000000e9200000, 0x0000000100000000)
  eden space 257536K, 0% used [0x00000000d5580000,0x00000000d5580000,0x00000000e5100000)
  from space 32768K, 55% used [0x00000000e7200000,0x00000000e83cdba0,0x00000000e9200000)
  to   space 33280K, 0% used [0x00000000e5100000,0x00000000e5100000,0x00000000e7180000)
 ParOldGen       total 134656K, used 71917K [0x0000000080000000, 0x0000000088380000, 0x00000000d5580000)
  object space 134656K, 53% used [0x0000000080000000,0x000000008463b6d0,0x0000000088380000)
 Metaspace       used 90257K, capacity 93938K, committed 94208K, reserved 1130496K
  class space    used 11993K, capacity 12764K, committed 12800K, reserved 1048576K
}
Event: 30.428 GC heap before
{Heap before GC invocations=20 (full 3):
 PSYoungGen      total 290304K, used 80174K [0x00000000d5580000, 0x00000000e9200000, 0x0000000100000000)
  eden space 257536K, 24% used [0x00000000d5580000,0x00000000d91fddf0,0x00000000e5100000)
  from space 32768K, 55% used [0x00000000e7200000,0x00000000e83cdba0,0x00000000e9200000)
  to   space 33280K, 0% used [0x00000000e5100000,0x00000000e5100000,0x00000000e7180000)
 ParOldGen       total 134656K, used 71917K [0x0000000080000000, 0x0000000088380000, 0x00000000d5580000)
  object space 134656K, 53% used [0x0000000080000000,0x000000008463b6d0,0x0000000088380000)
 Metaspace       used 94514K, capacity 98376K, committed 98560K, reserved 1134592K
  class space    used 12498K, capacity 13279K, committed 13312K, reserved 1048576K
Event: 30.448 GC heap after
Heap after GC invocations=20 (full 3):
 PSYoungGen      total 290816K, used 19057K [0x00000000d5580000, 0x00000000eaf80000, 0x0000000100000000)
  eden space 257536K, 0% used [0x00000000d5580000,0x00000000d5580000,0x00000000e5100000)
  from space 33280K, 57% used [0x00000000e5100000,0x00000000e639c580,0x00000000e7180000)
  to   space 33280K, 0% used [0x00000000e8f00000,0x00000000e8f00000,0x00000000eaf80000)
 ParOldGen       total 134656K, used 71925K [0x0000000080000000, 0x0000000088380000, 0x00000000d5580000)
  object space 134656K, 53% used [0x0000000080000000,0x000000008463d6d0,0x0000000088380000)
 Metaspace       used 94514K, capacity 98376K, committed 98560K, reserved 1134592K
  class space    used 12498K, capacity 13279K, committed 13312K, reserved 1048576K
}
Event: 30.448 GC heap before
{Heap before GC invocations=21 (full 4):
 PSYoungGen      total 290816K, used 19057K [0x00000000d5580000, 0x00000000eaf80000, 0x0000000100000000)
  eden space 257536K, 0% used [0x00000000d5580000,0x00000000d5580000,0x00000000e5100000)
  from space 33280K, 57% used [0x00000000e5100000,0x00000000e639c580,0x00000000e7180000)
  to   space 33280K, 0% used [0x00000000e8f00000,0x00000000e8f00000,0x00000000eaf80000)
 ParOldGen       total 134656K, used 71925K [0x0000000080000000, 0x0000000088380000, 0x00000000d5580000)
  object space 134656K, 53% used [0x0000000080000000,0x000000008463d6d0,0x0000000088380000)
 Metaspace       used 94514K, capacity 98376K, committed 98560K, reserved 1134592K
  class space    used 12498K, capacity 13279K, committed 13312K, reserved 1048576K
Event: 30.702 GC heap after
Heap after GC invocations=21 (full 4):
 PSYoungGen      total 290816K, used 0K [0x00000000d5580000, 0x00000000eaf80000, 0x0000000100000000)
  eden space 257536K, 0% used [0x00000000d5580000,0x00000000d5580000,0x00000000e5100000)
  from space 33280K, 0% used [0x00000000e5100000,0x00000000e5100000,0x00000000e7180000)
  to   space 33280K, 0% used [0x00000000e8f00000,0x00000000e8f00000,0x00000000eaf80000)
 ParOldGen       total 214016K, used 70996K [0x0000000080000000, 0x000000008d100000, 0x00000000d5580000)
  object space 214016K, 33% used [0x0000000080000000,0x0000000084555110,0x000000008d100000)
 Metaspace       used 94476K, capacity 98264K, committed 98560K, reserved 1134592K
  class space    used 12486K, capacity 13257K, committed 13312K, reserved 1048576K
}
Event: 37.486 GC heap before
{Heap before GC invocations=22 (full 4):
 PSYoungGen      total 290816K, used 257536K [0x00000000d5580000, 0x00000000eaf80000, 0x0000000100000000)
  eden space 257536K, 100% used [0x00000000d5580000,0x00000000e5100000,0x00000000e5100000)
  from space 33280K, 0% used [0x00000000e5100000,0x00000000e5100000,0x00000000e7180000)
  to   space 33280K, 0% used [0x00000000e8f00000,0x00000000e8f00000,0x00000000eaf80000)
 ParOldGen       total 214016K, used 70996K [0x0000000080000000, 0x000000008d100000, 0x00000000d5580000)
  object space 214016K, 33% used [0x0000000080000000,0x0000000084555110,0x000000008d100000)
 Metaspace       used 122745K, capacity 127010K, committed 127232K, reserved 1159168K
  class space    used 15999K, capacity 16850K, committed 16896K, reserved 1048576K
Event: 37.533 GC heap after
Heap after GC invocations=22 (full 4):
 PSYoungGen      total 312832K, used 33259K [0x00000000d5580000, 0x00000000ebf80000, 0x0000000100000000)
  eden space 279552K, 0% used [0x00000000d5580000,0x00000000d5580000,0x00000000e6680000)
  from space 33280K, 99% used [0x00000000e8f00000,0x00000000eaf7ac58,0x00000000eaf80000)
  to   space 41472K, 0% used [0x00000000e6680000,0x00000000e6680000,0x00000000e8f00000)
 ParOldGen       total 214016K, used 79963K [0x0000000080000000, 0x000000008d100000, 0x00000000d5580000)
  object space 214016K, 37% used [0x0000000080000000,0x0000000084e16f68,0x000000008d100000)
 Metaspace       used 122745K, capacity 127010K, committed 127232K, reserved 1159168K
  class space    used 15999K, capacity 16850K, committed 16896K, reserved 1048576K
}
Event: 42.253 GC heap before
{Heap before GC invocations=23 (full 4):
 PSYoungGen      total 312832K, used 312811K [0x00000000d5580000, 0x00000000ebf80000, 0x0000000100000000)
  eden space 279552K, 100% used [0x00000000d5580000,0x00000000e6680000,0x00000000e6680000)
  from space 33280K, 99% used [0x00000000e8f00000,0x00000000eaf7ac58,0x00000000eaf80000)
  to   space 41472K, 0% used [0x00000000e6680000,0x00000000e6680000,0x00000000e8f00000)
 ParOldGen       total 214016K, used 79963K [0x0000000080000000, 0x000000008d100000, 0x00000000d5580000)
  object space 214016K, 37% used [0x0000000080000000,0x0000000084e16f68,0x000000008d100000)
 Metaspace       used 131741K, capacity 137458K, committed 137600K, reserved 1169408K
  class space    used 17214K, capacity 18292K, committed 18304K, reserved 1048576K
Event: 42.312 GC heap after
Heap after GC invocations=23 (full 4):
 PSYoungGen      total 321024K, used 34942K [0x00000000d5580000, 0x00000000edf00000, 0x0000000100000000)
  eden space 279552K, 0% used [0x00000000d5580000,0x00000000d5580000,0x00000000e6680000)
  from space 41472K, 84% used [0x00000000e6680000,0x00000000e889fa98,0x00000000e8f00000)
  to   space 45568K, 0% used [0x00000000eb280000,0x00000000eb280000,0x00000000edf00000)
 ParOldGen       total 214016K, used 79971K [0x0000000080000000, 0x000000008d100000, 0x00000000d5580000)
  object space 214016K, 37% used [0x0000000080000000,0x0000000084e18f68,0x000000008d100000)
 Metaspace       used 131741K, capacity 137458K, committed 137600K, reserved 1169408K
  class space    used 17214K, capacity 18292K, committed 18304K, reserved 1048576K
}

Deoptimization events (10 events):
Event: 41.421 Thread 0x0000022b9e7eb800 Uncommon trap: reason=unstable_if action=reinterpret pc=0x0000022b8494a164 method=sun.nio.fs.WindowsException.translateToIOException(Ljava/lang/String;Ljava/lang/String;)Ljava/io/IOException; @ 32
Event: 41.711 Thread 0x0000022b9988e800 Uncommon trap: reason=bimorphic action=maybe_recompile pc=0x0000022b8418d908 method=java.io.DataOutputStream.writeLong(J)V @ 108
Event: 41.711 Thread 0x0000022b9988e800 Uncommon trap: reason=bimorphic action=maybe_recompile pc=0x0000022b8418d908 method=java.io.DataOutputStream.writeLong(J)V @ 108
Event: 41.711 Thread 0x0000022b9988e800 Uncommon trap: reason=bimorphic action=maybe_recompile pc=0x0000022b8418d908 method=java.io.DataOutputStream.writeLong(J)V @ 108
Event: 41.711 Thread 0x0000022b9988e800 Uncommon trap: reason=bimorphic action=maybe_recompile pc=0x0000022b8418d908 method=java.io.DataOutputStream.writeLong(J)V @ 108
Event: 42.093 Thread 0x0000022b9e7f2800 Uncommon trap: reason=unstable_if action=reinterpret pc=0x0000022b845dd2e0 method=com.esotericsoftware.kryo.io.Output.writeString(Ljava/lang/CharSequence;)V @ 50
Event: 42.093 Thread 0x0000022b9e7f2800 Uncommon trap: reason=unstable_if action=reinterpret pc=0x0000022b833d2bd8 method=com.esotericsoftware.kryo.io.Output.writeString(Ljava/lang/CharSequence;)V @ 50
Event: 42.098 Thread 0x0000022b9e7f2800 Uncommon trap: reason=unstable_if action=reinterpret pc=0x0000022b83b406c0 method=java.io.BufferedOutputStream.write([BII)V @ 6
Event: 42.446 Thread 0x0000022b9e7ec000 Uncommon trap: reason=unstable_if action=reinterpret pc=0x0000022b837b4a8c method=java.lang.AbstractStringBuilder.append(I)Ljava/lang/AbstractStringBuilder; @ 16
Event: 42.512 Thread 0x0000022b9e7f5000 Uncommon trap: reason=unstable_if action=reinterpret pc=0x0000022b845df360 method=com.android.tools.r8.utils.a0.d(I)Z @ 51

Classes redefined (0 events):
No events

Internal exceptions (10 events):
Event: 41.620 Thread 0x0000022b9e7f3800 Exception <a 'sun/nio/fs/WindowsException'> (0x00000000e5a28188) thrown at [C:\wsjdk\Corretto8Src\installers\windows\zip\corretto-build\buildRoot\src\hotspot\src\share\vm\prims\jni.cpp, line 711]
Event: 41.620 Thread 0x0000022b9e7eb800 Exception <a 'sun/nio/fs/WindowsException'> (0x00000000e59b1830) thrown at [C:\wsjdk\Corretto8Src\installers\windows\zip\corretto-build\buildRoot\src\hotspot\src\share\vm\prims\jni.cpp, line 711]
Event: 41.624 Thread 0x0000022b9e7f3800 Exception <a 'sun/nio/fs/WindowsException'> (0x00000000e5a31f68) thrown at [C:\wsjdk\Corretto8Src\installers\windows\zip\corretto-build\buildRoot\src\hotspot\src\share\vm\prims\jni.cpp, line 711]
Event: 41.633 Thread 0x0000022b9e7f3800 Exception <a 'sun/nio/fs/WindowsException'> (0x00000000e5a3ba68) thrown at [C:\wsjdk\Corretto8Src\installers\windows\zip\corretto-build\buildRoot\src\hotspot\src\share\vm\prims\jni.cpp, line 711]
Event: 41.636 Thread 0x0000022b9e7f3800 Exception <a 'sun/nio/fs/WindowsException'> (0x00000000e5a42bd0) thrown at [C:\wsjdk\Corretto8Src\installers\windows\zip\corretto-build\buildRoot\src\hotspot\src\share\vm\prims\jni.cpp, line 711]
Event: 41.640 Thread 0x0000022b9e7f3800 Exception <a 'sun/nio/fs/WindowsException'> (0x00000000e5a4a8e0) thrown at [C:\wsjdk\Corretto8Src\installers\windows\zip\corretto-build\buildRoot\src\hotspot\src\share\vm\prims\jni.cpp, line 711]
Event: 42.135 Thread 0x0000022b98f5b800 Exception <a 'sun/nio/fs/WindowsException'> (0x00000000e5f38750) thrown at [C:\wsjdk\Corretto8Src\installers\windows\zip\corretto-build\buildRoot\src\hotspot\src\share\vm\prims\jni.cpp, line 711]
Event: 42.135 Thread 0x0000022b98f5b800 Exception <a 'sun/nio/fs/WindowsException'> (0x00000000e5f3a368) thrown at [C:\wsjdk\Corretto8Src\installers\windows\zip\corretto-build\buildRoot\src\hotspot\src\share\vm\prims\jni.cpp, line 711]
Event: 42.351 Thread 0x0000022b9e7ec000 Exception <a 'sun/nio/fs/WindowsException'> (0x00000000d5794b88) thrown at [C:\wsjdk\Corretto8Src\installers\windows\zip\corretto-build\buildRoot\src\hotspot\src\share\vm\prims\jni.cpp, line 711]
Event: 42.351 Thread 0x0000022b9e7ec000 Exception <a 'sun/nio/fs/WindowsException'> (0x00000000d5795c88) thrown at [C:\wsjdk\Corretto8Src\installers\windows\zip\corretto-build\buildRoot\src\hotspot\src\share\vm\prims\jni.cpp, line 711]

Events (10 events):
Event: 42.631 loading class com/android/tools/r8/GenerateMainDexList
Event: 42.631 loading class com/android/tools/r8/GenerateMainDexList done
Event: 42.632 loading class com/android/tools/r8/experimental/graphinfo/GraphConsumer
Event: 42.632 loading class com/android/tools/r8/experimental/graphinfo/GraphConsumer done
Event: 42.632 loading class com/android/tools/r8/utils/A
Event: 42.632 loading class com/android/tools/r8/utils/A done
Event: 42.632 loading class com/android/tools/r8/utils/A
Event: 42.632 loading class com/android/tools/r8/utils/A done
Event: 42.634 loading class com/android/tools/r8/utils/L0
Event: 42.634 loading class com/android/tools/r8/utils/L0 done


Dynamic libraries:
0x00007ff64ac10000 - 0x00007ff64ac4a000 	C:\Users\rickiey\.jdks\corretto-1.8.0_292\bin\java.exe
0x00007ff857830000 - 0x00007ff857a25000 	C:\WINDOWS\SYSTEM32\ntdll.dll
0x00007ff855af0000 - 0x00007ff855bae000 	C:\WINDOWS\System32\KERNEL32.DLL
0x00007ff855330000 - 0x00007ff8555f8000 	C:\WINDOWS\System32\KERNELBASE.dll
0x00007ff856880000 - 0x00007ff85692e000 	C:\WINDOWS\System32\ADVAPI32.dll
0x00007ff855880000 - 0x00007ff85591e000 	C:\WINDOWS\System32\msvcrt.dll
0x00007ff856a60000 - 0x00007ff856afc000 	C:\WINDOWS\System32\sechost.dll
0x00007ff856930000 - 0x00007ff856a55000 	C:\WINDOWS\System32\RPCRT4.dll
0x00007ff855920000 - 0x00007ff855ac0000 	C:\WINDOWS\System32\USER32.dll
0x00007ff855690000 - 0x00007ff8556b2000 	C:\WINDOWS\System32\win32u.dll
0x00007ff855d80000 - 0x00007ff855dab000 	C:\WINDOWS\System32\GDI32.dll
0x00007ff855770000 - 0x00007ff85587d000 	C:\WINDOWS\System32\gdi32full.dll
0x00007ff854fe0000 - 0x00007ff85507d000 	C:\WINDOWS\System32\msvcp_win.dll
0x00007ff8550d0000 - 0x00007ff8551d0000 	C:\WINDOWS\System32\ucrtbase.dll
0x00007ff843f30000 - 0x00007ff8441ca000 	C:\WINDOWS\WinSxS\amd64_microsoft.windows.common-controls_6595b64144ccf1df_6.0.19041.1110_none_60b5254171f9507e\COMCTL32.dll
0x00007ff855ac0000 - 0x00007ff855af0000 	C:\WINDOWS\System32\IMM32.DLL
0x00007ff82e290000 - 0x00007ff82e37f000 	C:\Users\rickiey\.jdks\corretto-1.8.0_292\jre\bin\msvcr120.dll
0x00007ff82a050000 - 0x00007ff82a0f6000 	C:\Users\rickiey\.jdks\corretto-1.8.0_292\jre\bin\msvcp120.dll
0x0000000069c10000 - 0x000000006a47e000 	C:\Users\rickiey\.jdks\corretto-1.8.0_292\jre\bin\server\jvm.dll
0x00007ff855c90000 - 0x00007ff855c98000 	C:\WINDOWS\System32\PSAPI.DLL
0x00007ff850e60000 - 0x00007ff850e69000 	C:\WINDOWS\SYSTEM32\WSOCK32.dll
0x00007ff855f80000 - 0x00007ff855feb000 	C:\WINDOWS\System32\WS2_32.dll
0x00007ff83f000000 - 0x00007ff83f027000 	C:\WINDOWS\SYSTEM32\WINMM.dll
0x00007ff8456d0000 - 0x00007ff8456da000 	C:\WINDOWS\SYSTEM32\VERSION.dll
0x00007ff84ba20000 - 0x00007ff84ba2f000 	C:\Users\rickiey\.jdks\corretto-1.8.0_292\jre\bin\verify.dll
0x00007ff841040000 - 0x00007ff841069000 	C:\Users\rickiey\.jdks\corretto-1.8.0_292\jre\bin\java.dll
0x00007ff84b7a0000 - 0x00007ff84b7b6000 	C:\Users\rickiey\.jdks\corretto-1.8.0_292\jre\bin\zip.dll
0x00007ff856130000 - 0x00007ff856874000 	C:\WINDOWS\System32\SHELL32.dll
0x00007ff853030000 - 0x00007ff8537c4000 	C:\WINDOWS\SYSTEM32\windows.storage.dll
0x00007ff856b00000 - 0x00007ff856e55000 	C:\WINDOWS\System32\combase.dll
0x00007ff854990000 - 0x00007ff8549be000 	C:\WINDOWS\SYSTEM32\Wldp.dll
0x00007ff8572c0000 - 0x00007ff85736d000 	C:\WINDOWS\System32\SHCORE.dll
0x00007ff856050000 - 0x00007ff8560a5000 	C:\WINDOWS\System32\shlwapi.dll
0x00007ff854e80000 - 0x00007ff854e9f000 	C:\WINDOWS\SYSTEM32\profapi.dll
0x00007ff848ba0000 - 0x00007ff848bba000 	C:\Users\rickiey\.jdks\corretto-1.8.0_292\jre\bin\net.dll
0x00007ff8546f0000 - 0x00007ff85475a000 	C:\WINDOWS\system32\mswsock.dll
0x00007ff841020000 - 0x00007ff841032000 	C:\Users\rickiey\.jdks\corretto-1.8.0_292\jre\bin\nio.dll
0x00007ff848bc0000 - 0x00007ff848be7000 	C:\Users\rickiey\.gradle\native\fdc75f09e3144964f2cf3f50f0aa648679c211496f362492102eb8c894070792\windows-amd64\native-platform.dll
0x00007ff82a2c0000 - 0x00007ff82a456000 	C:\Users\rickiey\.gradle\native\12488b8bf47d2d4c9fbf2f6322a914ad602e24e48041cd04a747c6da556b65c4\windows-amd64\native-platform-file-events.dll
0x00007ff84b960000 - 0x00007ff84b96d000 	C:\Users\rickiey\.jdks\corretto-1.8.0_292\jre\bin\management.dll
0x00007ff8548e0000 - 0x00007ff8548f8000 	C:\WINDOWS\SYSTEM32\CRYPTSP.dll
0x00007ff854000000 - 0x00007ff854034000 	C:\WINDOWS\system32\rsaenh.dll
0x00007ff854f40000 - 0x00007ff854f67000 	C:\WINDOWS\System32\bcrypt.dll
0x00007ff854e40000 - 0x00007ff854e6e000 	C:\WINDOWS\SYSTEM32\USERENV.dll
0x00007ff855600000 - 0x00007ff855682000 	C:\WINDOWS\System32\bcryptprimitives.dll
0x00007ff854900000 - 0x00007ff85490c000 	C:\WINDOWS\SYSTEM32\CRYPTBASE.dll
0x00007ff854390000 - 0x00007ff8543cb000 	C:\WINDOWS\SYSTEM32\IPHLPAPI.DLL
0x00007ff8572b0000 - 0x00007ff8572b8000 	C:\WINDOWS\System32\NSI.dll
0x00007ff84bbd0000 - 0x00007ff84bbe7000 	C:\WINDOWS\SYSTEM32\dhcpcsvc6.DLL
0x00007ff84c710000 - 0x00007ff84c72d000 	C:\WINDOWS\SYSTEM32\dhcpcsvc.DLL
0x00007ff8543d0000 - 0x00007ff85449b000 	C:\WINDOWS\SYSTEM32\DNSAPI.dll
0x00007ff84e1b0000 - 0x00007ff84e1bb000 	C:\WINDOWS\SYSTEM32\WINNSI.DLL

VM Arguments:
jvm_args: -Xmx2048m -Dfile.encoding=UTF-8 -Duser.country=US -Duser.language=en -Duser.variant 
java_command: org.gradle.launcher.daemon.bootstrap.GradleDaemon 6.7.1
java_class_path (initial): C:\Users\rickiey\.gradle\wrapper\dists\gradle-6.7.1-all\2moa8rlfac5eqlcfgk98k0deb\gradle-6.7.1\lib\gradle-launcher-6.7.1.jar
Launcher Type: SUN_STANDARD

Environment Variables:
PATH=C:\Program Files\Common Files\Oracle\Java\javapath;C:\Program Files (x86)\Common Files\Oracle\Java\javapath;C:\WINDOWS\system32;C:\WINDOWS;C:\WINDOWS\System32\Wbem;C:\WINDOWS\System32\WindowsPowerShell\v1.0\;C:\WINDOWS\System32\OpenSSH\;C:\Users\rickiey\Downloads\youtube-dl;C:\Users\rickiey\Downloads\ffmpeg-2021-07-18-git-694545b6d5-full_build\bin;C:\Program Files\nodejs\;C:\ProgramData\chocolatey\bin;C:\Program Files\Git\cmd;C:\Program Files (x86)\QuickTime\QTSystem\;C:\xampp\php;C:\ProgramData\ComposerSetup\bin;C:\MinGW\bin;C:\Users\rickiey\AppData\Local\Microsoft\WindowsApps;;C:\Program Files\JetBrains\CLion 2019.2.3\bin;;C:\Users\rickiey\AppData\Local\Programs\Microsoft VS Code\bin;C:\Users\rickiey\AppData\Roaming\npm;C:\Users\rickiey\AppData\Roaming\Composer\vendor\bin
USERNAME=rickiey
OS=Windows_NT
PROCESSOR_IDENTIFIER=Intel64 Family 6 Model 69 Stepping 1, GenuineIntel



---------------  S Y S T E M  ---------------

OS: Windows 10.0 , 64 bit Build 19041 (10.0.19041.1503)

CPU:total 4 (initial active 4) (2 cores per cpu, 2 threads per core) family 6 model 69 stepping 1, cmov, cx8, fxsr, mmx, sse, sse2, sse3, ssse3, sse4.1, sse4.2, popcnt, avx, avx2, aes, clmul, erms, lzcnt, ht, tsc, tscinvbit, bmi1, bmi2

Memory: 4k page, physical 8283244k(956052k free), swap 10359404k(0k free)

vm_info: OpenJDK 64-Bit Server VM (25.292-b10) for windows-amd64 JRE (1.8.0_292-b10), built on Apr 14 2021 23:06:53 by "Administrator" with MS VC++ 12.0 (VS2013)

time: Tue Mar 01 20:18:36 2022
timezone: E. Africa Standard Time
elapsed time: 42.880730 seconds (0d 0h 0m 42s)

