#
# There is insufficient memory for the Java Runtime Environment to continue.
# Native memory allocation (mmap) failed to map 134217728 bytes for Failed to commit area from 0x0000000081800000 to 0x0000000089800000 of length 134217728.
# Possible reasons:
#   The system is out of physical RAM or swap space
#   The process is running with CompressedOops enabled, and the Java Heap may be blocking the growth of the native heap
# Possible solutions:
#   Reduce memory load on the system
#   Increase physical memory or swap space
#   Check if swap backing store is full
#   Decrease Java heap size (-Xmx/-Xms)
#   Decrease number of Java threads
#   Decrease Java thread stack sizes (-Xss)
#   Set larger code cache with -XX:ReservedCodeCacheSize=
# This output file may be truncated or incomplete.
#
#  Out of Memory Error (./src/hotspot/os/windows/os_windows.cpp:3303), pid=12972, tid=12996
#
# JRE version:  (11.0.8+10) (build )
# Java VM: OpenJDK 64-Bit Server VM (11.0.8+10-b944.6842174, mixed mode, sharing, tiered, compressed oops, g1 gc, windows-amd64)
# No core dump will be written. Minidumps are not enabled by default on client versions of Windows
#

---------------  S U M M A R Y ------------

Command Line: org.jetbrains.git4idea.http.GitAskPassApp Username for 'https://github.com': 

Host: Intel(R) Core(TM) i5-4300U CPU @ 1.90GHz, 4 cores, 7G,  Windows 10 , 64 bit Build 19041 (10.0.19041.1202)
Time: Sat Sep 11 14:03:23 2021 E. Africa Standard Time elapsed time: 0 seconds (0d 0h 0m 0s)

---------------  T H R E A D  ---------------

Current thread (0x00000199fd0cf800):  JavaThread "Unknown thread" [_thread_in_vm, id=12996, stack(0x0000006f02000000,0x0000006f02100000)]

Stack: [0x0000006f02000000,0x0000006f02100000]
Native frames: (J=compiled Java code, j=interpreted, Vv=VM code, C=native code)
V  [jvm.dll+0x5de50a]
V  [jvm.dll+0x7122f5]
V  [jvm.dll+0x71384d]
V  [jvm.dll+0x713f03]
V  [jvm.dll+0x23e728]
V  [jvm.dll+0x5db9a4]
V  [jvm.dll+0x5d0ae5]
V  [jvm.dll+0x2fb20b]
V  [jvm.dll+0x2fb17a]
V  [jvm.dll+0x2fb052]
V  [jvm.dll+0x2fff16]
V  [jvm.dll+0x348743]
V  [jvm.dll+0x348e46]
V  [jvm.dll+0x348843]
V  [jvm.dll+0x2d5d68]
V  [jvm.dll+0x2d6f07]
V  [jvm.dll+0x6f11f7]
V  [jvm.dll+0x6f29ec]
V  [jvm.dll+0x355cb9]
V  [jvm.dll+0x6d4ade]
V  [jvm.dll+0x3bdfe3]
V  [jvm.dll+0x3c0201]
C  [jli.dll+0x5373]
C  [ucrtbase.dll+0x21bb2]
C  [KERNEL32.DLL+0x17034]
C  [ntdll.dll+0x52651]


---------------  P R O C E S S  ---------------

Threads class SMR info:
_java_thread_list=0x00000199faf692c0, length=0, elements={
}

Java Threads: ( => current thread )

Other Threads:
  0x00000199fd0e7000 GCTaskThread "GC Thread#0" [stack: 0x0000006f02100000,0x0000006f02200000] [id=15116]
  0x00000199fd117800 ConcurrentGCThread "G1 Main Marker" [stack: 0x0000006f02200000,0x0000006f02300000] [id=17096]
  0x00000199fd11a000 ConcurrentGCThread "G1 Conc#0" [stack: 0x0000006f02300000,0x0000006f02400000] [id=17176]

[error occurred during error reporting (printing all threads), id 0xc0000005, EXCEPTION_ACCESS_VIOLATION (0xc0000005) at pc=0x00007ff83db06357]

VM state:not at safepoint (not fully initialized)

VM Mutex/Monitor currently owned by a thread:  ([mutex/lock_event])
[0x00000199fd0cb0f0] Heap_lock - owner thread: 0x00000199fd0cf800

Heap address: 0x0000000081800000, size: 2024 MB, Compressed Oops mode: Non-zero based: 0x0000000081800000
Narrow klass base: 0x0000000000000000, Narrow klass shift: 0

GC Heap History (0 events):
No events

Deoptimization events (0 events):
No events

Classes redefined (0 events):
No events

Internal exceptions (0 events):
No events

Events (1 events):
Event: 0.011 Loaded shared library C:\Users\rickiey\AppData\Local\JetBrains\Toolbox\apps\AndroidStudio\ch-0\202.7351085\jre\bin\zip.dll


Dynamic libraries:
0x00007ff7ec420000 - 0x00007ff7ec42a000 	C:\Users\rickiey\AppData\Local\JetBrains\Toolbox\apps\AndroidStudio\ch-0\202.7351085\jre\bin\java.exe
0x00007ff863810000 - 0x00007ff863a05000 	C:\WINDOWS\SYSTEM32\ntdll.dll
0x00007ff862190000 - 0x00007ff86224e000 	C:\WINDOWS\System32\KERNEL32.DLL
0x00007ff8610e0000 - 0x00007ff8613a9000 	C:\WINDOWS\System32\KERNELBASE.dll
0x00007ff861730000 - 0x00007ff861830000 	C:\WINDOWS\System32\ucrtbase.dll
0x00007ff85b3a0000 - 0x00007ff85b3b9000 	C:\Users\rickiey\AppData\Local\JetBrains\Toolbox\apps\AndroidStudio\ch-0\202.7351085\jre\bin\jli.dll
0x00007ff852290000 - 0x00007ff8522a7000 	C:\Users\rickiey\AppData\Local\JetBrains\Toolbox\apps\AndroidStudio\ch-0\202.7351085\jre\bin\VCRUNTIME140.dll
0x00007ff861970000 - 0x00007ff861b11000 	C:\WINDOWS\System32\USER32.dll
0x00007ff850d40000 - 0x00007ff850fda000 	C:\WINDOWS\WinSxS\amd64_microsoft.windows.common-controls_6595b64144ccf1df_6.0.19041.1110_none_60b5254171f9507e\COMCTL32.dll
0x00007ff861830000 - 0x00007ff861852000 	C:\WINDOWS\System32\win32u.dll
0x00007ff863730000 - 0x00007ff8637ce000 	C:\WINDOWS\System32\msvcrt.dll
0x00007ff861cd0000 - 0x00007ff861cfb000 	C:\WINDOWS\System32\GDI32.dll
0x00007ff860fd0000 - 0x00007ff8610db000 	C:\WINDOWS\System32\gdi32full.dll
0x00007ff860f30000 - 0x00007ff860fcd000 	C:\WINDOWS\System32\msvcp_win.dll
0x00007ff862880000 - 0x00007ff8628b0000 	C:\WINDOWS\System32\IMM32.DLL
0x00007ff849650000 - 0x00007ff8496ed000 	C:\Users\rickiey\AppData\Local\JetBrains\Toolbox\apps\AndroidStudio\ch-0\202.7351085\jre\bin\msvcp140.dll
0x00007ff83d820000 - 0x00007ff83e2dc000 	C:\Users\rickiey\AppData\Local\JetBrains\Toolbox\apps\AndroidStudio\ch-0\202.7351085\jre\bin\server\jvm.dll
0x00007ff8624e0000 - 0x00007ff86258c000 	C:\WINDOWS\System32\ADVAPI32.dll
0x00007ff863690000 - 0x00007ff86372b000 	C:\WINDOWS\System32\sechost.dll
0x00007ff862620000 - 0x00007ff86274a000 	C:\WINDOWS\System32\RPCRT4.dll
0x00007ff862300000 - 0x00007ff862308000 	C:\WINDOWS\System32\PSAPI.DLL
0x00007ff84da60000 - 0x00007ff84da69000 	C:\WINDOWS\SYSTEM32\WSOCK32.dll
0x00007ff853370000 - 0x00007ff853397000 	C:\WINDOWS\SYSTEM32\WINMM.dll
0x00007ff8635c0000 - 0x00007ff86362b000 	C:\WINDOWS\System32\WS2_32.dll
0x00007ff855760000 - 0x00007ff85576a000 	C:\WINDOWS\SYSTEM32\VERSION.dll
0x00007ff85ee30000 - 0x00007ff85ee42000 	C:\WINDOWS\SYSTEM32\kernel.appcore.dll
0x00007ff85b820000 - 0x00007ff85b831000 	C:\Users\rickiey\AppData\Local\JetBrains\Toolbox\apps\AndroidStudio\ch-0\202.7351085\jre\bin\verify.dll
0x00007ff854670000 - 0x00007ff854854000 	C:\WINDOWS\SYSTEM32\DBGHELP.DLL
0x00007ff854640000 - 0x00007ff85466c000 	C:\WINDOWS\SYSTEM32\dbgcore.DLL
0x00007ff861430000 - 0x00007ff8614b3000 	C:\WINDOWS\System32\bcryptPrimitives.dll
0x00007ff85b7f0000 - 0x00007ff85b819000 	C:\Users\rickiey\AppData\Local\JetBrains\Toolbox\apps\AndroidStudio\ch-0\202.7351085\jre\bin\java.dll
0x00007ff85ce10000 - 0x00007ff85ce1b000 	C:\Users\rickiey\AppData\Local\JetBrains\Toolbox\apps\AndroidStudio\ch-0\202.7351085\jre\bin\jimage.dll
0x00007ff85b760000 - 0x00007ff85b778000 	C:\Users\rickiey\AppData\Local\JetBrains\Toolbox\apps\AndroidStudio\ch-0\202.7351085\jre\bin\zip.dll

dbghelp: loaded successfully - version: 4.0.5 - missing functions: none
symbol engine: initialized successfully - sym options: 0x614 - pdb path: .;C:\Users\rickiey\AppData\Local\JetBrains\Toolbox\apps\AndroidStudio\ch-0\202.7351085\jre\bin;C:\WINDOWS\SYSTEM32;C:\WINDOWS\WinSxS\amd64_microsoft.windows.common-controls_6595b64144ccf1df_6.0.19041.1110_none_60b5254171f9507e;C:\Users\rickiey\AppData\Local\JetBrains\Toolbox\apps\AndroidStudio\ch-0\202.7351085\jre\bin\server

VM Arguments:
java_command: org.jetbrains.git4idea.http.GitAskPassApp Username for 'https://github.com': 
java_class_path (initial): C:/Users/rickiey/AppData/Local/JetBrains/Toolbox/apps/AndroidStudio/ch-0/202.7351085/plugins/git4idea/lib/git4idea-rt.jar;C:/Users/rickiey/AppData/Local/JetBrains/Toolbox/apps/AndroidStudio/ch-0/202.7351085/lib/xmlrpc-2.0.1.jar;C:/Users/rickiey/AppData/Local/JetBrains/Toolbox/apps/AndroidStudio/ch-0/202.7351085/lib/commons-codec-1.14.jar
Launcher Type: SUN_STANDARD

[Global flags]
     intx CICompilerCount                          = 3                                         {product} {ergonomic}
     uint ConcGCThreads                            = 1                                         {product} {ergonomic}
     uint G1ConcRefinementThreads                  = 4                                         {product} {ergonomic}
   size_t G1HeapRegionSize                         = 1048576                                   {product} {ergonomic}
    uintx GCDrainStackTargetSize                   = 64                                        {product} {ergonomic}
   size_t InitialHeapSize                          = 134217728                                 {product} {ergonomic}
   size_t MarkStackSize                            = 4194304                                   {product} {ergonomic}
   size_t MaxHeapSize                              = 2122317824                                {product} {ergonomic}
   size_t MinHeapDeltaBytes                        = 1048576                                   {product} {ergonomic}
    uintx NonNMethodCodeHeapSize                   = 5830732                                {pd product} {ergonomic}
    uintx NonProfiledCodeHeapSize                  = 122913754                              {pd product} {ergonomic}
    uintx ProfiledCodeHeapSize                     = 122913754                              {pd product} {ergonomic}
    uintx ReservedCodeCacheSize                    = 251658240                              {pd product} {ergonomic}
     bool SegmentedCodeCache                       = true                                      {product} {ergonomic}
     bool UseCompressedClassPointers               = true                                 {lp64_product} {ergonomic}
     bool UseCompressedOops                        = true                                 {lp64_product} {ergonomic}
     bool UseG1GC                                  = true                                      {product} {ergonomic}
     bool UseLargePagesIndividualAllocation        = false                                  {pd product} {ergonomic}

Logging:
Log output configuration:
 #0: stdout all=warning uptime,level,tags
 #1: stderr all=off uptime,level,tags

Environment Variables:
PATH=C:\Program Files\Git\mingw64\libexec\git-core;C:\Program Files\Git\mingw64\libexec\git-core;C:\Program Files\Git\mingw64\bin;C:\Program Files\Git\usr\bin;C:\Users\rickiey\bin;C:\WINDOWS\system32;C:\WINDOWS;C:\WINDOWS\System32\Wbem;C:\WINDOWS\System32\WindowsPowerShell\v1.0;C:\WINDOWS\System32\OpenSSH;C:\Program Files\Git\cmd;C:\Users\rickiey\Downloads\youtube-dl;C:\Users\rickiey\Downloads\ffmpeg-2021-07-18-git-694545b6d5-full_build\bin;C:\Users\rickiey\AppData\Local\Microsoft\WindowsApps;C:\Program Files\JetBrains\CLion 2019.2.3\bin;C:\Users\rickiey\AppData\Local\Programs\Microsoft VS Code\bin
USERNAME=rickiey
DISPLAY=:0.0
LC_ALL=en_US.UTF-8
OS=Windows_NT
PROCESSOR_IDENTIFIER=Intel64 Family 6 Model 69 Stepping 1, GenuineIntel



---------------  S Y S T E M  ---------------

OS: Windows 10 , 64 bit Build 19041 (10.0.19041.1202)
OS uptime: 2 days 5:55 hours

CPU:total 4 (initial active 4) (2 cores per cpu, 2 threads per core) family 6 model 69 stepping 1, cmov, cx8, fxsr, mmx, sse, sse2, sse3, ssse3, sse4.1, sse4.2, popcnt, avx, avx2, aes, clmul, erms, lzcnt, ht, tsc, tscinvbit, bmi1, bmi2, fma

Memory: 4k page, system-wide physical 8089M (436M free)
TotalPageFile size 19858M (AvailPageFile size 48M)
current process WorkingSet (physical memory assigned to process): 9M, peak: 9M
current process commit charge ("private bytes"): 51M, peak: 179M

vm_info: OpenJDK 64-Bit Server VM (11.0.8+10-b944.6842174) for windows-amd64 JRE (11.0.8+10-b944.6842174), built on Sep 19 2020 01:11:42 by "builder" with MS VC++ 14.0 (VS2015)

END.
